<?xml version="1.0" encoding="UTF-8"?>
<testng-results skipped="0" failed="0" total="1" passed="1">
  <reporter-output>
  </reporter-output>
  <suite name="Default suite" duration-ms="2118" started-at="2019-08-03T06:24:32Z" finished-at="2019-08-03T06:24:34Z">
    <groups>
    </groups>
    <test name="Default test" duration-ms="2118" started-at="2019-08-03T06:24:32Z" finished-at="2019-08-03T06:24:34Z">
      <class name="org.com.restapitest.weatherapi.DELETERequest">
        <test-method status="PASS" signature="deleteEmpRecord()[pri:0, instance:org.com.restapitest.weatherapi.DELETERequest@6767c1fc]" name="deleteEmpRecord" duration-ms="2106" started-at="2019-08-03T11:54:32Z" finished-at="2019-08-03T11:54:34Z">
          <reporter-output>
          </reporter-output>
        </test-method> <!-- deleteEmpRecord -->
      </class> <!-- org.com.restapitest.weatherapi.DELETERequest -->
    </test> <!-- Default test -->
  </suite> <!-- Default suite -->
</testng-results>
